<?xml version="1.0" encoding="UTF-8"?>
<!-- Generated by org.testng.reporters.JUnitReportReporter -->
<testsuite hostname="DESKTOP-8A5NKKO" failures="0" tests="2" name="com.facebook.testcases.FacebookSignUpTest" time="9.652" errors="0" timestamp="2022-03-10T11:34:30 EST" skipped="0">
  <testcase classname="com.facebook.testcases.FacebookSignUpTest" name="ClickOnSignUp" time="4.792"/>
  <system-out/>
  <testcase classname="com.facebook.testcases.FacebookSignUpTest" name="SignUpByUser" time="4.860"/>
  <system-out/>
</testsuite> <!-- com.facebook.testcases.FacebookSignUpTest -->
