<?xml version="1.0" encoding="UTF-8"?>
<!-- Generated by org.testng.reporters.JUnitReportReporter -->
<testsuite hostname="DESKTOP-8A5NKKO" failures="0" tests="3" name="com.facebook.testcases.FacebookLoginTest" time="13.404" errors="0" timestamp="2022-03-10T11:46:34 EST" skipped="0">
  <testcase classname="com.facebook.testcases.FacebookLoginTest" name="loginPageTitleTest" time="4.483"/>
  <system-out/>
  <testcase classname="com.facebook.testcases.FacebookLoginTest" name="validateLogoTest" time="4.182"/>
  <system-out/>
  <testcase classname="com.facebook.testcases.FacebookLoginTest" name="loginTest" time="4.739"/>
  <system-out/>
</testsuite> <!-- com.facebook.testcases.FacebookLoginTest -->
